app/build/intermediates/manifest_merge_blame_file/debug/processDebugMainManifest/manifest-merger-blame-debug-report.txt
1<?xml version="1.0" encoding="utf-8"?>
2<manifest xmlns:android="http://schemas.android.com/apk/res/android"
3    package="com.orbit.blocker"
4    android:versionCode="1"
5    android:versionName="0.1.0" >
6
7    <uses-sdk
8        android:minSdkVersion="31"
9        android:targetSdkVersion="35" />
10
11    <!-- Query all installed apps so the app picker (Task 2) can list them. -->
12    <uses-permission android:name="android.permission.QUERY_ALL_PACKAGES" />
12-->src/main/AndroidManifest.xml:6:5-7:53
12-->src/main/AndroidManifest.xml:6:22-74
13
14    <!-- Foreground service for focus sessions (Task 5). -->
15    <uses-permission android:name="android.permission.FOREGROUND_SERVICE" />
15-->src/main/AndroidManifest.xml:10:5-77
15-->src/main/AndroidManifest.xml:10:22-74
16    <uses-permission android:name="android.permission.FOREGROUND_SERVICE_SPECIAL_USE" />
16-->src/main/AndroidManifest.xml:11:5-89
16-->src/main/AndroidManifest.xml:11:22-86
17    <uses-permission android:name="android.permission.POST_NOTIFICATIONS" />
17-->src/main/AndroidManifest.xml:12:5-77
17-->src/main/AndroidManifest.xml:12:22-74
18
19    <!--
20         Reserved for optional floating UI. The quiz gate itself is a full-screen
21         Activity launched by the accessibility service, so this is not required for
22         core blocking, but is kept for potential future overlay affordances.
23    -->
24    <uses-permission android:name="android.permission.SYSTEM_ALERT_WINDOW" />
24-->src/main/AndroidManifest.xml:17:5-78
24-->src/main/AndroidManifest.xml:17:22-75
25
26    <!-- Keep block schedules accurate across reboots (Task 5). -->
27    <uses-permission android:name="android.permission.RECEIVE_BOOT_COMPLETED" />
27-->src/main/AndroidManifest.xml:20:5-81
27-->src/main/AndroidManifest.xml:20:22-78
28    <uses-permission android:name="android.permission.WAKE_LOCK" />
28-->[androidx.work:work-runtime:2.10.0] AndroidManifest.xml:23:5-68
28-->[androidx.work:work-runtime:2.10.0] AndroidManifest.xml:23:22-65
29    <uses-permission android:name="android.permission.ACCESS_NETWORK_STATE" />
29-->[androidx.work:work-runtime:2.10.0] AndroidManifest.xml:24:5-79
29-->[androidx.work:work-runtime:2.10.0] AndroidManifest.xml:24:22-76
30
31    <permission
31-->[androidx.core:core:1.15.0] AndroidManifest.xml:22:5-24:47
32        android:name="com.orbit.blocker.DYNAMIC_RECEIVER_NOT_EXPORTED_PERMISSION"
32-->[androidx.core:core:1.15.0] AndroidManifest.xml:23:9-81
33        android:protectionLevel="signature" />
33-->[androidx.core:core:1.15.0] AndroidManifest.xml:24:9-44
34
35    <uses-permission android:name="com.orbit.blocker.DYNAMIC_RECEIVER_NOT_EXPORTED_PERMISSION" />
35-->[androidx.core:core:1.15.0] AndroidManifest.xml:26:5-97
35-->[androidx.core:core:1.15.0] AndroidManifest.xml:26:22-94
36
37    <application
37-->src/main/AndroidManifest.xml:22:5-90:19
38        android:name="com.orbit.blocker.OrbitApplication"
38-->src/main/AndroidManifest.xml:23:9-41
39        android:allowBackup="false"
39-->src/main/AndroidManifest.xml:24:9-36
40        android:appComponentFactory="androidx.core.app.CoreComponentFactory"
40-->[androidx.core:core:1.15.0] AndroidManifest.xml:28:18-86
41        android:debuggable="true"
42        android:extractNativeLibs="false"
43        android:icon="@mipmap/ic_launcher"
43-->src/main/AndroidManifest.xml:25:9-43
44        android:label="@string/app_name"
44-->src/main/AndroidManifest.xml:26:9-41
45        android:roundIcon="@mipmap/ic_launcher_round"
45-->src/main/AndroidManifest.xml:27:9-54
46        android:supportsRtl="true"
46-->src/main/AndroidManifest.xml:28:9-35
47        android:testOnly="true"
48        android:theme="@style/Theme.Orbit" >
48-->src/main/AndroidManifest.xml:29:9-43
49        <activity
49-->src/main/AndroidManifest.xml:32:9-40:20
50            android:name="com.orbit.blocker.ui.MainActivity"
50-->src/main/AndroidManifest.xml:33:13-44
51            android:exported="true"
51-->src/main/AndroidManifest.xml:34:13-36
52            android:theme="@style/Theme.Orbit" >
52-->src/main/AndroidManifest.xml:35:13-47
53            <intent-filter>
53-->src/main/AndroidManifest.xml:36:13-39:29
54                <action android:name="android.intent.action.MAIN" />
54-->src/main/AndroidManifest.xml:37:17-69
54-->src/main/AndroidManifest.xml:37:25-66
55
56                <category android:name="android.intent.category.LAUNCHER" />
56-->src/main/AndroidManifest.xml:38:17-77
56-->src/main/AndroidManifest.xml:38:27-74
57            </intent-filter>
58        </activity>
59
60        <!--
61             Full-screen quiz gate shown over blocked apps. Not exported; launched
62             only by our AccessibilityService. excludeFromRecents + noHistory so it
63             doesn't linger in the task switcher.
64        -->
65        <activity
65-->src/main/AndroidManifest.xml:45:9-51:50
66            android:name="com.orbit.blocker.gate.QuizGateActivity"
66-->src/main/AndroidManifest.xml:46:13-50
67            android:excludeFromRecents="true"
67-->src/main/AndroidManifest.xml:48:13-46
68            android:exported="false"
68-->src/main/AndroidManifest.xml:47:13-37
69            android:launchMode="singleTask"
69-->src/main/AndroidManifest.xml:49:13-44
70            android:noHistory="true"
70-->src/main/AndroidManifest.xml:50:13-37
71            android:theme="@style/Theme.Orbit" />
71-->src/main/AndroidManifest.xml:51:13-47
72
73        <!--
74             Notification listener implementing the 3-tier filter. The user grants
75             access in Settings > Notifications > Device & app notifications.
76        -->
77        <service
77-->src/main/AndroidManifest.xml:55:9-63:19
78            android:name="com.orbit.blocker.service.OrbitNotificationListenerService"
78-->src/main/AndroidManifest.xml:56:13-69
79            android:exported="false"
79-->src/main/AndroidManifest.xml:57:13-37
80            android:label="@string/app_name"
80-->src/main/AndroidManifest.xml:58:13-45
81            android:permission="android.permission.BIND_NOTIFICATION_LISTENER_SERVICE" >
81-->src/main/AndroidManifest.xml:59:13-87
82            <intent-filter>
82-->src/main/AndroidManifest.xml:60:13-62:29
83                <action android:name="android.service.notification.NotificationListenerService" />
83-->src/main/AndroidManifest.xml:61:17-99
83-->src/main/AndroidManifest.xml:61:25-96
84            </intent-filter>
85        </service>
86
87        <!-- Foreground service that runs the focus-session countdown timer. -->
88        <service
88-->src/main/AndroidManifest.xml:66:9-73:19
89            android:name="com.orbit.blocker.service.FocusSessionService"
89-->src/main/AndroidManifest.xml:67:13-56
90            android:exported="false"
90-->src/main/AndroidManifest.xml:68:13-37
91            android:foregroundServiceType="specialUse" >
91-->src/main/AndroidManifest.xml:69:13-55
92            <property
92-->src/main/AndroidManifest.xml:70:13-72:115
93                android:name="android.app.PROPERTY_SPECIAL_USE_FGS_SUBTYPE"
93-->src/main/AndroidManifest.xml:71:17-76
94                android:value="Runs the user-initiated focus-session countdown timer and shows remaining time." />
94-->src/main/AndroidManifest.xml:72:17-112
95        </service>
96
97        <!--
98             Interception service. BIND_ACCESSIBILITY_SERVICE permission is required
99             for the system to bind it; the user enables it in Accessibility settings.
100        -->
101        <service
101-->src/main/AndroidManifest.xml:77:9-88:19
102            android:name="com.orbit.blocker.service.OrbitAccessibilityService"
102-->src/main/AndroidManifest.xml:78:13-62
103            android:exported="true"
103-->src/main/AndroidManifest.xml:79:13-36
104            android:label="@string/app_name"
104-->src/main/AndroidManifest.xml:80:13-45
105            android:permission="android.permission.BIND_ACCESSIBILITY_SERVICE" >
105-->src/main/AndroidManifest.xml:81:13-79
106            <intent-filter>
106-->src/main/AndroidManifest.xml:82:13-84:29
107                <action android:name="android.accessibilityservice.AccessibilityService" />
107-->src/main/AndroidManifest.xml:83:17-92
107-->src/main/AndroidManifest.xml:83:25-89
108            </intent-filter>
109
110            <meta-data
110-->src/main/AndroidManifest.xml:85:13-87:72
111                android:name="android.accessibilityservice"
111-->src/main/AndroidManifest.xml:86:17-60
112                android:resource="@xml/accessibility_service_config" />
112-->src/main/AndroidManifest.xml:87:17-69
113        </service>
114
115        <provider
115-->[androidx.work:work-runtime:2.10.0] AndroidManifest.xml:29:9-37:20
116            android:name="androidx.startup.InitializationProvider"
116-->[androidx.work:work-runtime:2.10.0] AndroidManifest.xml:30:13-67
117            android:authorities="com.orbit.blocker.androidx-startup"
117-->[androidx.work:work-runtime:2.10.0] AndroidManifest.xml:31:13-68
118            android:exported="false" >
118-->[androidx.work:work-runtime:2.10.0] AndroidManifest.xml:32:13-37
119            <meta-data
119-->[androidx.work:work-runtime:2.10.0] AndroidManifest.xml:34:13-36:52
120                android:name="androidx.work.WorkManagerInitializer"
120-->[androidx.work:work-runtime:2.10.0] AndroidManifest.xml:35:17-68
121                android:value="androidx.startup" />
121-->[androidx.work:work-runtime:2.10.0] AndroidManifest.xml:36:17-49
122            <meta-data
122-->[androidx.emoji2:emoji2:1.3.0] AndroidManifest.xml:29:13-31:52
123                android:name="androidx.emoji2.text.EmojiCompatInitializer"
123-->[androidx.emoji2:emoji2:1.3.0] AndroidManifest.xml:30:17-75
124                android:value="androidx.startup" />
124-->[androidx.emoji2:emoji2:1.3.0] AndroidManifest.xml:31:17-49
125            <meta-data
125-->[androidx.lifecycle:lifecycle-process:2.8.7] AndroidManifest.xml:29:13-31:52
126                android:name="androidx.lifecycle.ProcessLifecycleInitializer"
126-->[androidx.lifecycle:lifecycle-process:2.8.7] AndroidManifest.xml:30:17-78
127                android:value="androidx.startup" />
127-->[androidx.lifecycle:lifecycle-process:2.8.7] AndroidManifest.xml:31:17-49
128            <meta-data
128-->[androidx.profileinstaller:profileinstaller:1.3.1] AndroidManifest.xml:29:13-31:52
129                android:name="androidx.profileinstaller.ProfileInstallerInitializer"
129-->[androidx.profileinstaller:profileinstaller:1.3.1] AndroidManifest.xml:30:17-85
130                android:value="androidx.startup" />
130-->[androidx.profileinstaller:profileinstaller:1.3.1] AndroidManifest.xml:31:17-49
131        </provider>
132
133        <service
133-->[androidx.work:work-runtime:2.10.0] AndroidManifest.xml:39:9-45:35
134            android:name="androidx.work.impl.background.systemalarm.SystemAlarmService"
134-->[androidx.work:work-runtime:2.10.0] AndroidManifest.xml:40:13-88
135            android:directBootAware="false"
135-->[androidx.work:work-runtime:2.10.0] AndroidManifest.xml:41:13-44
136            android:enabled="@bool/enable_system_alarm_service_default"
136-->[androidx.work:work-runtime:2.10.0] AndroidManifest.xml:42:13-72
137            android:exported="false" />
137-->[androidx.work:work-runtime:2.10.0] AndroidManifest.xml:43:13-37
138        <service
138-->[androidx.work:work-runtime:2.10.0] AndroidManifest.xml:46:9-52:35
139            android:name="androidx.work.impl.background.systemjob.SystemJobService"
139-->[androidx.work:work-runtime:2.10.0] AndroidManifest.xml:47:13-84
140            android:directBootAware="false"
140-->[androidx.work:work-runtime:2.10.0] AndroidManifest.xml:48:13-44
141            android:enabled="@bool/enable_system_job_service_default"
141-->[androidx.work:work-runtime:2.10.0] AndroidManifest.xml:49:13-70
142            android:exported="true"
142-->[androidx.work:work-runtime:2.10.0] AndroidManifest.xml:50:13-36
143            android:permission="android.permission.BIND_JOB_SERVICE" />
143-->[androidx.work:work-runtime:2.10.0] AndroidManifest.xml:51:13-69
144        <service
144-->[androidx.work:work-runtime:2.10.0] AndroidManifest.xml:53:9-59:35
145            android:name="androidx.work.impl.foreground.SystemForegroundService"
145-->[androidx.work:work-runtime:2.10.0] AndroidManifest.xml:54:13-81
146            android:directBootAware="false"
146-->[androidx.work:work-runtime:2.10.0] AndroidManifest.xml:55:13-44
147            android:enabled="@bool/enable_system_foreground_service_default"
147-->[androidx.work:work-runtime:2.10.0] AndroidManifest.xml:56:13-77
148            android:exported="false" />
148-->[androidx.work:work-runtime:2.10.0] AndroidManifest.xml:57:13-37
149
150        <receiver
150-->[androidx.work:work-runtime:2.10.0] AndroidManifest.xml:61:9-66:35
151            android:name="androidx.work.impl.utils.ForceStopRunnable$BroadcastReceiver"
151-->[androidx.work:work-runtime:2.10.0] AndroidManifest.xml:62:13-88
152            android:directBootAware="false"
152-->[androidx.work:work-runtime:2.10.0] AndroidManifest.xml:63:13-44
153            android:enabled="true"
153-->[androidx.work:work-runtime:2.10.0] AndroidManifest.xml:64:13-35
154            android:exported="false" />
154-->[androidx.work:work-runtime:2.10.0] AndroidManifest.xml:65:13-37
155        <receiver
155-->[androidx.work:work-runtime:2.10.0] AndroidManifest.xml:67:9-77:20
156            android:name="androidx.work.impl.background.systemalarm.ConstraintProxy$BatteryChargingProxy"
156-->[androidx.work:work-runtime:2.10.0] AndroidManifest.xml:68:13-106
157            android:directBootAware="false"
157-->[androidx.work:work-runtime:2.10.0] AndroidManifest.xml:69:13-44
158            android:enabled="false"
158-->[androidx.work:work-runtime:2.10.0] AndroidManifest.xml:70:13-36
159            android:exported="false" >
159-->[androidx.work:work-runtime:2.10.0] AndroidManifest.xml:71:13-37
160            <intent-filter>
160-->[androidx.work:work-runtime:2.10.0] AndroidManifest.xml:73:13-76:29
161                <action android:name="android.intent.action.ACTION_POWER_CONNECTED" />
161-->[androidx.work:work-runtime:2.10.0] AndroidManifest.xml:74:17-87
161-->[androidx.work:work-runtime:2.10.0] AndroidManifest.xml:74:25-84
162                <action android:name="android.intent.action.ACTION_POWER_DISCONNECTED" />
162-->[androidx.work:work-runtime:2.10.0] AndroidManifest.xml:75:17-90
162-->[androidx.work:work-runtime:2.10.0] AndroidManifest.xml:75:25-87
163            </intent-filter>
164        </receiver>
165        <receiver
165-->[androidx.work:work-runtime:2.10.0] AndroidManifest.xml:78:9-88:20
166            android:name="androidx.work.impl.background.systemalarm.ConstraintProxy$BatteryNotLowProxy"
166-->[androidx.work:work-runtime:2.10.0] AndroidManifest.xml:79:13-104
167            android:directBootAware="false"
167-->[androidx.work:work-runtime:2.10.0] AndroidManifest.xml:80:13-44
168            android:enabled="false"
168-->[androidx.work:work-runtime:2.10.0] AndroidManifest.xml:81:13-36
169            android:exported="false" >
169-->[androidx.work:work-runtime:2.10.0] AndroidManifest.xml:82:13-37
170            <intent-filter>
170-->[androidx.work:work-runtime:2.10.0] AndroidManifest.xml:84:13-87:29
171                <action android:name="android.intent.action.BATTERY_OKAY" />
171-->[androidx.work:work-runtime:2.10.0] AndroidManifest.xml:85:17-77
171-->[androidx.work:work-runtime:2.10.0] AndroidManifest.xml:85:25-74
172                <action android:name="android.intent.action.BATTERY_LOW" />
172-->[androidx.work:work-runtime:2.10.0] AndroidManifest.xml:86:17-76
172-->[androidx.work:work-runtime:2.10.0] AndroidManifest.xml:86:25-73
173            </intent-filter>
174        </receiver>
175        <receiver
175-->[androidx.work:work-runtime:2.10.0] AndroidManifest.xml:89:9-99:20
176            android:name="androidx.work.impl.background.systemalarm.ConstraintProxy$StorageNotLowProxy"
176-->[androidx.work:work-runtime:2.10.0] AndroidManifest.xml:90:13-104
177            android:directBootAware="false"
177-->[androidx.work:work-runtime:2.10.0] AndroidManifest.xml:91:13-44
178            android:enabled="false"
178-->[androidx.work:work-runtime:2.10.0] AndroidManifest.xml:92:13-36
179            android:exported="false" >
179-->[androidx.work:work-runtime:2.10.0] AndroidManifest.xml:93:13-37
180            <intent-filter>
180-->[androidx.work:work-runtime:2.10.0] AndroidManifest.xml:95:13-98:29
181                <action android:name="android.intent.action.DEVICE_STORAGE_LOW" />
181-->[androidx.work:work-runtime:2.10.0] AndroidManifest.xml:96:17-83
181-->[androidx.work:work-runtime:2.10.0] AndroidManifest.xml:96:25-80
182                <action android:name="android.intent.action.DEVICE_STORAGE_OK" />
182-->[androidx.work:work-runtime:2.10.0] AndroidManifest.xml:97:17-82
182-->[androidx.work:work-runtime:2.10.0] AndroidManifest.xml:97:25-79
183            </intent-filter>
184        </receiver>
185        <receiver
185-->[androidx.work:work-runtime:2.10.0] AndroidManifest.xml:100:9-109:20
186            android:name="androidx.work.impl.background.systemalarm.ConstraintProxy$NetworkStateProxy"
186-->[androidx.work:work-runtime:2.10.0] AndroidManifest.xml:101:13-103
187            android:directBootAware="false"
187-->[androidx.work:work-runtime:2.10.0] AndroidManifest.xml:102:13-44
188            android:enabled="false"
188-->[androidx.work:work-runtime:2.10.0] AndroidManifest.xml:103:13-36
189            android:exported="false" >
189-->[androidx.work:work-runtime:2.10.0] AndroidManifest.xml:104:13-37
190            <intent-filter>
190-->[androidx.work:work-runtime:2.10.0] AndroidManifest.xml:106:13-108:29
191                <action android:name="android.net.conn.CONNECTIVITY_CHANGE" />
191-->[androidx.work:work-runtime:2.10.0] AndroidManifest.xml:107:17-79
191-->[androidx.work:work-runtime:2.10.0] AndroidManifest.xml:107:25-76
192            </intent-filter>
193        </receiver>
194        <receiver
194-->[androidx.work:work-runtime:2.10.0] AndroidManifest.xml:110:9-121:20
195            android:name="androidx.work.impl.background.systemalarm.RescheduleReceiver"
195-->[androidx.work:work-runtime:2.10.0] AndroidManifest.xml:111:13-88
196            android:directBootAware="false"
196-->[androidx.work:work-runtime:2.10.0] AndroidManifest.xml:112:13-44
197            android:enabled="false"
197-->[androidx.work:work-runtime:2.10.0] AndroidManifest.xml:113:13-36
198            android:exported="false" >
198-->[androidx.work:work-runtime:2.10.0] AndroidManifest.xml:114:13-37
199            <intent-filter>
199-->[androidx.work:work-runtime:2.10.0] AndroidManifest.xml:116:13-120:29
200                <action android:name="android.intent.action.BOOT_COMPLETED" />
200-->[androidx.work:work-runtime:2.10.0] AndroidManifest.xml:117:17-79
200-->[androidx.work:work-runtime:2.10.0] AndroidManifest.xml:117:25-76
201                <action android:name="android.intent.action.TIME_SET" />
201-->[androidx.work:work-runtime:2.10.0] AndroidManifest.xml:118:17-73
201-->[androidx.work:work-runtime:2.10.0] AndroidManifest.xml:118:25-70
202                <action android:name="android.intent.action.TIMEZONE_CHANGED" />
202-->[androidx.work:work-runtime:2.10.0] AndroidManifest.xml:119:17-81
202-->[androidx.work:work-runtime:2.10.0] AndroidManifest.xml:119:25-78
203            </intent-filter>
204        </receiver>
205        <receiver
205-->[androidx.work:work-runtime:2.10.0] AndroidManifest.xml:122:9-131:20
206            android:name="androidx.work.impl.background.systemalarm.ConstraintProxyUpdateReceiver"
206-->[androidx.work:work-runtime:2.10.0] AndroidManifest.xml:123:13-99
207            android:directBootAware="false"
207-->[androidx.work:work-runtime:2.10.0] AndroidManifest.xml:124:13-44
208            android:enabled="@bool/enable_system_alarm_service_default"
208-->[androidx.work:work-runtime:2.10.0] AndroidManifest.xml:125:13-72
209            android:exported="false" >
209-->[androidx.work:work-runtime:2.10.0] AndroidManifest.xml:126:13-37
210            <intent-filter>
210-->[androidx.work:work-runtime:2.10.0] AndroidManifest.xml:128:13-130:29
211                <action android:name="androidx.work.impl.background.systemalarm.UpdateProxies" />
211-->[androidx.work:work-runtime:2.10.0] AndroidManifest.xml:129:17-98
211-->[androidx.work:work-runtime:2.10.0] AndroidManifest.xml:129:25-95
212            </intent-filter>
213        </receiver>
214        <receiver
214-->[androidx.work:work-runtime:2.10.0] AndroidManifest.xml:132:9-142:20
215            android:name="androidx.work.impl.diagnostics.DiagnosticsReceiver"
215-->[androidx.work:work-runtime:2.10.0] AndroidManifest.xml:133:13-78
216            android:directBootAware="false"
216-->[androidx.work:work-runtime:2.10.0] AndroidManifest.xml:134:13-44
217            android:enabled="true"
217-->[androidx.work:work-runtime:2.10.0] AndroidManifest.xml:135:13-35
218            android:exported="true"
218-->[androidx.work:work-runtime:2.10.0] AndroidManifest.xml:136:13-36
219            android:permission="android.permission.DUMP" >
219-->[androidx.work:work-runtime:2.10.0] AndroidManifest.xml:137:13-57
220            <intent-filter>
220-->[androidx.work:work-runtime:2.10.0] AndroidManifest.xml:139:13-141:29
221                <action android:name="androidx.work.diagnostics.REQUEST_DIAGNOSTICS" />
221-->[androidx.work:work-runtime:2.10.0] AndroidManifest.xml:140:17-88
221-->[androidx.work:work-runtime:2.10.0] AndroidManifest.xml:140:25-85
222            </intent-filter>
223        </receiver>
224
225        <activity
225-->[androidx.compose.ui:ui-test-manifest:1.7.6] AndroidManifest.xml:23:9-25:39
226            android:name="androidx.activity.ComponentActivity"
226-->[androidx.compose.ui:ui-test-manifest:1.7.6] AndroidManifest.xml:24:13-63
227            android:exported="true" />
227-->[androidx.compose.ui:ui-test-manifest:1.7.6] AndroidManifest.xml:25:13-36
228        <activity
228-->[androidx.compose.ui:ui-tooling-android:1.7.6] AndroidManifest.xml:23:9-25:39
229            android:name="androidx.compose.ui.tooling.PreviewActivity"
229-->[androidx.compose.ui:ui-tooling-android:1.7.6] AndroidManifest.xml:24:13-71
230            android:exported="true" />
230-->[androidx.compose.ui:ui-tooling-android:1.7.6] AndroidManifest.xml:25:13-36
231
232        <service
232-->[androidx.room:room-runtime:2.6.1] AndroidManifest.xml:24:9-28:63
233            android:name="androidx.room.MultiInstanceInvalidationService"
233-->[androidx.room:room-runtime:2.6.1] AndroidManifest.xml:25:13-74
234            android:directBootAware="true"
234-->[androidx.room:room-runtime:2.6.1] AndroidManifest.xml:26:13-43
235            android:exported="false" />
235-->[androidx.room:room-runtime:2.6.1] AndroidManifest.xml:27:13-37
236
237        <receiver
237-->[androidx.profileinstaller:profileinstaller:1.3.1] AndroidManifest.xml:34:9-52:20
238            android:name="androidx.profileinstaller.ProfileInstallReceiver"
238-->[androidx.profileinstaller:profileinstaller:1.3.1] AndroidManifest.xml:35:13-76
239            android:directBootAware="false"
239-->[androidx.profileinstaller:profileinstaller:1.3.1] AndroidManifest.xml:36:13-44
240            android:enabled="true"
240-->[androidx.profileinstaller:profileinstaller:1.3.1] AndroidManifest.xml:37:13-35
241            android:exported="true"
241-->[androidx.profileinstaller:profileinstaller:1.3.1] AndroidManifest.xml:38:13-36
242            android:permission="android.permission.DUMP" >
242-->[androidx.profileinstaller:profileinstaller:1.3.1] AndroidManifest.xml:39:13-57
243            <intent-filter>
243-->[androidx.profileinstaller:profileinstaller:1.3.1] AndroidManifest.xml:40:13-42:29
244                <action android:name="androidx.profileinstaller.action.INSTALL_PROFILE" />
244-->[androidx.profileinstaller:profileinstaller:1.3.1] AndroidManifest.xml:41:17-91
244-->[androidx.profileinstaller:profileinstaller:1.3.1] AndroidManifest.xml:41:25-88
245            </intent-filter>
246            <intent-filter>
246-->[androidx.profileinstaller:profileinstaller:1.3.1] AndroidManifest.xml:43:13-45:29
247                <action android:name="androidx.profileinstaller.action.SKIP_FILE" />
247-->[androidx.profileinstaller:profileinstaller:1.3.1] AndroidManifest.xml:44:17-85
247-->[androidx.profileinstaller:profileinstaller:1.3.1] AndroidManifest.xml:44:25-82
248            </intent-filter>
249            <intent-filter>
249-->[androidx.profileinstaller:profileinstaller:1.3.1] AndroidManifest.xml:46:13-48:29
250                <action android:name="androidx.profileinstaller.action.SAVE_PROFILE" />
250-->[androidx.profileinstaller:profileinstaller:1.3.1] AndroidManifest.xml:47:17-88
250-->[androidx.profileinstaller:profileinstaller:1.3.1] AndroidManifest.xml:47:25-85
251            </intent-filter>
252            <intent-filter>
252-->[androidx.profileinstaller:profileinstaller:1.3.1] AndroidManifest.xml:49:13-51:29
253                <action android:name="androidx.profileinstaller.action.BENCHMARK_OPERATION" />
253-->[androidx.profileinstaller:profileinstaller:1.3.1] AndroidManifest.xml:50:17-95
253-->[androidx.profileinstaller:profileinstaller:1.3.1] AndroidManifest.xml:50:25-92
254            </intent-filter>
255        </receiver>
256    </application>
257
258</manifest>